============================= test session starts =============================
platform win32 -- Python 3.12.6, pytest-9.0.2, pluggy-1.6.0 -- C:\Python312\python.exe
cachedir: .pytest_cache
rootdir: C:\Users\VISHNU P\Assignments\Task 3- Credit Card Management
plugins: anyio-4.12.1
collecting ... collected 1 item

tests/api/admin/test_card_product.py::test_get_all_card_products FAILED  [100%]

================================== FAILURES ===================================
_________________________ test_get_all_card_products __________________________

    def test_get_all_card_products():
>       res = client.get("/admin/card-products/")
              ^^^^^^^^^^^^^^^^^^^^^^^^^^^^^^^^^^^

tests\api\admin\test_card_product.py:84: 
_ _ _ _ _ _ _ _ _ _ _ _ _ _ _ _ _ _ _ _ _ _ _ _ _ _ _ _ _ _ _ _ _ _ _ _ _ _ _ _
..\..\AppData\Roaming\Python\Python312\site-packages\starlette\testclient.py:473: in get
    return super().get(
..\..\AppData\Roaming\Python\Python312\site-packages\httpx\_client.py:1053: in get
    return self.request(
..\..\AppData\Roaming\Python\Python312\site-packages\starlette\testclient.py:445: in request
    return super().request(
..\..\AppData\Roaming\Python\Python312\site-packages\httpx\_client.py:825: in request
    return self.send(request, auth=auth, follow_redirects=follow_redirects)
           ^^^^^^^^^^^^^^^^^^^^^^^^^^^^^^^^^^^^^^^^^^^^^^^^^^^^^^^^^^^^^^^^
..\..\AppData\Roaming\Python\Python312\site-packages\httpx\_client.py:914: in send
    response = self._send_handling_auth(
..\..\AppData\Roaming\Python\Python312\site-packages\httpx\_client.py:942: in _send_handling_auth
    response = self._send_handling_redirects(
..\..\AppData\Roaming\Python\Python312\site-packages\httpx\_client.py:979: in _send_handling_redirects
    response = self._send_single_request(request)
               ^^^^^^^^^^^^^^^^^^^^^^^^^^^^^^^^^^
..\..\AppData\Roaming\Python\Python312\site-packages\httpx\_client.py:1014: in _send_single_request
    response = transport.handle_request(request)
               ^^^^^^^^^^^^^^^^^^^^^^^^^^^^^^^^^
..\..\AppData\Roaming\Python\Python312\site-packages\starlette\testclient.py:348: in handle_request
    raise exc
..\..\AppData\Roaming\Python\Python312\site-packages\starlette\testclient.py:345: in handle_request
    portal.call(self.app, scope, receive, send)
..\..\AppData\Roaming\Python\Python312\site-packages\anyio\from_thread.py:334: in call
    return cast(T_Retval, self.start_task_soon(func, *args).result())
                          ^^^^^^^^^^^^^^^^^^^^^^^^^^^^^^^^^^^^^^^^^^
C:\Python312\Lib\concurrent\futures\_base.py:456: in result
    return self.__get_result()
           ^^^^^^^^^^^^^^^^^^^
C:\Python312\Lib\concurrent\futures\_base.py:401: in __get_result
    raise self._exception
..\..\AppData\Roaming\Python\Python312\site-packages\anyio\from_thread.py:259: in _call_func
    retval = await retval_or_awaitable
             ^^^^^^^^^^^^^^^^^^^^^^^^^
..\..\AppData\Roaming\Python\Python312\site-packages\fastapi\applications.py:1160: in __call__
    await super().__call__(scope, receive, send)
..\..\AppData\Roaming\Python\Python312\site-packages\starlette\applications.py:107: in __call__
    await self.middleware_stack(scope, receive, send)
..\..\AppData\Roaming\Python\Python312\site-packages\starlette\middleware\errors.py:186: in __call__
    raise exc
..\..\AppData\Roaming\Python\Python312\site-packages\starlette\middleware\errors.py:164: in __call__
    await self.app(scope, receive, _send)
..\..\AppData\Roaming\Python\Python312\site-packages\starlette\middleware\exceptions.py:63: in __call__
    await wrap_app_handling_exceptions(self.app, conn)(scope, receive, send)
..\..\AppData\Roaming\Python\Python312\site-packages\starlette\_exception_handler.py:53: in wrapped_app
    raise exc
..\..\AppData\Roaming\Python\Python312\site-packages\starlette\_exception_handler.py:42: in wrapped_app
    await app(scope, receive, sender)
..\..\AppData\Roaming\Python\Python312\site-packages\fastapi\middleware\asyncexitstack.py:18: in __call__
    await self.app(scope, receive, send)
..\..\AppData\Roaming\Python\Python312\site-packages\starlette\routing.py:716: in __call__
    await self.middleware_stack(scope, receive, send)
..\..\AppData\Roaming\Python\Python312\site-packages\starlette\routing.py:736: in app
    await route.handle(scope, receive, send)
..\..\AppData\Roaming\Python\Python312\site-packages\starlette\routing.py:290: in handle
    await self.app(scope, receive, send)
..\..\AppData\Roaming\Python\Python312\site-packages\fastapi\routing.py:119: in app
    await wrap_app_handling_exceptions(app, request)(scope, receive, send)
..\..\AppData\Roaming\Python\Python312\site-packages\starlette\_exception_handler.py:53: in wrapped_app
    raise exc
..\..\AppData\Roaming\Python\Python312\site-packages\starlette\_exception_handler.py:42: in wrapped_app
    await app(scope, receive, sender)
..\..\AppData\Roaming\Python\Python312\site-packages\fastapi\routing.py:105: in app
    response = await f(request)
               ^^^^^^^^^^^^^^^^
..\..\AppData\Roaming\Python\Python312\site-packages\fastapi\routing.py:421: in app
    solved_result = await solve_dependencies(
..\..\AppData\Roaming\Python\Python312\site-packages\fastapi\dependencies\utils.py:647: in solve_dependencies
    solved = await run_in_threadpool(call, **solved_result.values)
             ^^^^^^^^^^^^^^^^^^^^^^^^^^^^^^^^^^^^^^^^^^^^^^^^^^^^^
..\..\AppData\Roaming\Python\Python312\site-packages\starlette\concurrency.py:32: in run_in_threadpool
    return await anyio.to_thread.run_sync(func)
           ^^^^^^^^^^^^^^^^^^^^^^^^^^^^^^^^^^^^
..\..\AppData\Roaming\Python\Python312\site-packages\anyio\to_thread.py:63: in run_sync
    return await get_async_backend().run_sync_in_worker_thread(
..\..\AppData\Roaming\Python\Python312\site-packages\anyio\_backends\_asyncio.py:2502: in run_sync_in_worker_thread
    return await future
           ^^^^^^^^^^^^
..\..\AppData\Roaming\Python\Python312\site-packages\anyio\_backends\_asyncio.py:986: in run
    result = context.run(func, *args)
             ^^^^^^^^^^^^^^^^^^^^^^^^
tests\api\admin\test_card_product.py:15: in override_get_current_admin_user
    admin = Admin(id=uuid4(), email="admin2@zbanque.com", passcode_hash="hashedpass")
            ^^^^^^^^^^^^^^^^^^^^^^^^^^^^^^^^^^^^^^^^^^^^^^^^^^^^^^^^^^^^^^^^^^^^^^^^^
<string>:4: in __init__
    ???
..\..\AppData\Roaming\Python\Python312\site-packages\sqlalchemy\orm\state.py:596: in _initialize_instance
    with util.safe_reraise():
         ^^^^^^^^^^^^^^^^^^^
..\..\AppData\Roaming\Python\Python312\site-packages\sqlalchemy\util\langhelpers.py:121: in __exit__
    raise exc_value.with_traceback(exc_tb)
..\..\AppData\Roaming\Python\Python312\site-packages\sqlalchemy\orm\state.py:594: in _initialize_instance
    manager.original_init(*mixed[1:], **kwargs)
_ _ _ _ _ _ _ _ _ _ _ _ _ _ _ _ _ _ _ _ _ _ _ _ _ _ _ _ _ _ _ _ _ _ _ _ _ _ _ _

self = <app.models.admin.Admin object at 0x0000021FEE7E9FD0>
kwargs = {'email': 'admin2@zbanque.com', 'id': UUID('d300bc91-20e1-45e9-8c4e-df1d0dbea643'), 'passcode_hash': 'hashedpass'}
cls_ = <class 'app.models.admin.Admin'>, k = 'passcode_hash'

    def _declarative_constructor(self: Any, **kwargs: Any) -> None:
        """A simple constructor that allows initialization from kwargs.
    
        Sets attributes on the constructed instance using the names and
        values in ``kwargs``.
    
        Only keys that are present as
        attributes of the instance's class are allowed. These could be,
        for example, any mapped columns or relationships.
        """
        cls_ = type(self)
        for k in kwargs:
            if not hasattr(cls_, k):
>               raise TypeError(
                    "%r is an invalid keyword argument for %s" % (k, cls_.__name__)
                )
E               TypeError: 'passcode_hash' is an invalid keyword argument for Admin

..\..\AppData\Roaming\Python\Python312\site-packages\sqlalchemy\orm\decl_base.py:2179: TypeError
============================== warnings summary ===============================
app\schemas\auth.py:10
  C:\Users\VISHNU P\Assignments\Task 3- Credit Card Management\app\schemas\auth.py:10: PydanticDeprecatedSince20: Using extra keyword arguments on `Field` is deprecated and will be removed. Use `json_schema_extra` instead. (Extra keys: 'example'). Deprecated in Pydantic V2.0 to be removed in V3.0. See Pydantic V2 Migration Guide at https://errors.pydantic.dev/2.12/migration/
    country_code: str = Field(..., example="+91")

app\schemas\auth.py:11
  C:\Users\VISHNU P\Assignments\Task 3- Credit Card Management\app\schemas\auth.py:11: PydanticDeprecatedSince20: Using extra keyword arguments on `Field` is deprecated and will be removed. Use `json_schema_extra` instead. (Extra keys: 'example'). Deprecated in Pydantic V2.0 to be removed in V3.0. See Pydantic V2 Migration Guide at https://errors.pydantic.dev/2.12/migration/
    phone_number: str = Field(..., example="9876543210")

app\schemas\auth.py:172
  C:\Users\VISHNU P\Assignments\Task 3- Credit Card Management\app\schemas\auth.py:172: PydanticDeprecatedSince20: Support for class-based `config` is deprecated, use ConfigDict instead. Deprecated in Pydantic V2.0 to be removed in V3.0. See Pydantic V2 Migration Guide at https://errors.pydantic.dev/2.12/migration/
    class ResidentialDetailsSchema(BaseModel):

app\schemas\auth.py:226
  C:\Users\VISHNU P\Assignments\Task 3- Credit Card Management\app\schemas\auth.py:226: PydanticDeprecatedSince20: Support for class-based `config` is deprecated, use ConfigDict instead. Deprecated in Pydantic V2.0 to be removed in V3.0. See Pydantic V2 Migration Guide at https://errors.pydantic.dev/2.12/migration/
    class EmploymentDetailsSchema(BaseModel):

app\schemas\auth.py:235
  C:\Users\VISHNU P\Assignments\Task 3- Credit Card Management\app\schemas\auth.py:235: PydanticDeprecatedSince20: Support for class-based `config` is deprecated, use ConfigDict instead. Deprecated in Pydantic V2.0 to be removed in V3.0. See Pydantic V2 Migration Guide at https://errors.pydantic.dev/2.12/migration/
    class FinancialDetailsSchema(BaseModel):

app\admin\schemas\card_issuance.py:25
  C:\Users\VISHNU P\Assignments\Task 3- Credit Card Management\app\admin\schemas\card_issuance.py:25: PydanticDeprecatedSince20: Support for class-based `config` is deprecated, use ConfigDict instead. Deprecated in Pydantic V2.0 to be removed in V3.0. See Pydantic V2 Migration Guide at https://errors.pydantic.dev/2.12/migration/
    class CreditCardApplicationSummary(BaseModel):

app\admin\schemas\card_issuance.py:32
  C:\Users\VISHNU P\Assignments\Task 3- Credit Card Management\app\admin\schemas\card_issuance.py:32: PydanticDeprecatedSince20: Support for class-based `config` is deprecated, use ConfigDict instead. Deprecated in Pydantic V2.0 to be removed in V3.0. See Pydantic V2 Migration Guide at https://errors.pydantic.dev/2.12/migration/
    class CreditCardApplicationResponse(BaseModel):

app\admin\schemas\card_issuance.py:104
  C:\Users\VISHNU P\Assignments\Task 3- Credit Card Management\app\admin\schemas\card_issuance.py:104: PydanticDeprecatedSince20: Support for class-based `config` is deprecated, use ConfigDict instead. Deprecated in Pydantic V2.0 to be removed in V3.0. See Pydantic V2 Migration Guide at https://errors.pydantic.dev/2.12/migration/
    class CreditAccountResponse(BaseModel):

app\admin\schemas\card_issuance.py:133
  C:\Users\VISHNU P\Assignments\Task 3- Credit Card Management\app\admin\schemas\card_issuance.py:133: PydanticDeprecatedSince20: Support for class-based `config` is deprecated, use ConfigDict instead. Deprecated in Pydantic V2.0 to be removed in V3.0. See Pydantic V2 Migration Guide at https://errors.pydantic.dev/2.12/migration/
    class CustomerCreditAccountResponse(BaseModel):

app\admin\schemas\card_issuance.py:175
  C:\Users\VISHNU P\Assignments\Task 3- Credit Card Management\app\admin\schemas\card_issuance.py:175: PydanticDeprecatedSince20: Support for class-based `config` is deprecated, use ConfigDict instead. Deprecated in Pydantic V2.0 to be removed in V3.0. See Pydantic V2 Migration Guide at https://errors.pydantic.dev/2.12/migration/
    class CardResponse(BaseModel):

app\admin\schemas\card_issuance.py:197
  C:\Users\VISHNU P\Assignments\Task 3- Credit Card Management\app\admin\schemas\card_issuance.py:197: PydanticDeprecatedSince20: Support for class-based `config` is deprecated, use ConfigDict instead. Deprecated in Pydantic V2.0 to be removed in V3.0. See Pydantic V2 Migration Guide at https://errors.pydantic.dev/2.12/migration/
    class CustomerCardResponse(BaseModel):

app\schemas\credit.py:44
  C:\Users\VISHNU P\Assignments\Task 3- Credit Card Management\app\schemas\credit.py:44: PydanticDeprecatedSince20: Support for class-based `config` is deprecated, use ConfigDict instead. Deprecated in Pydantic V2.0 to be removed in V3.0. See Pydantic V2 Migration Guide at https://errors.pydantic.dev/2.12/migration/
    class ApplicationSummaryResponse(BaseModel):

app\schemas\credit.py:53
  C:\Users\VISHNU P\Assignments\Task 3- Credit Card Management\app\schemas\credit.py:53: PydanticDeprecatedSince20: Support for class-based `config` is deprecated, use ConfigDict instead. Deprecated in Pydantic V2.0 to be removed in V3.0. See Pydantic V2 Migration Guide at https://errors.pydantic.dev/2.12/migration/
    class ApplicationResponse(BaseModel):

app\schemas\credit.py:65
  C:\Users\VISHNU P\Assignments\Task 3- Credit Card Management\app\schemas\credit.py:65: PydanticDeprecatedSince20: Support for class-based `config` is deprecated, use ConfigDict instead. Deprecated in Pydantic V2.0 to be removed in V3.0. See Pydantic V2 Migration Guide at https://errors.pydantic.dev/2.12/migration/
    class BureauReportResponse(BaseModel):

app\schemas\credit.py:75
  C:\Users\VISHNU P\Assignments\Task 3- Credit Card Management\app\schemas\credit.py:75: PydanticDeprecatedSince20: Support for class-based `config` is deprecated, use ConfigDict instead. Deprecated in Pydantic V2.0 to be removed in V3.0. See Pydantic V2 Migration Guide at https://errors.pydantic.dev/2.12/migration/
    class RiskAssessmentResponse(BaseModel):

app\schemas\credit.py:85
  C:\Users\VISHNU P\Assignments\Task 3- Credit Card Management\app\schemas\credit.py:85: PydanticDeprecatedSince20: Support for class-based `config` is deprecated, use ConfigDict instead. Deprecated in Pydantic V2.0 to be removed in V3.0. See Pydantic V2 Migration Guide at https://errors.pydantic.dev/2.12/migration/
    class FraudFlagResponse(BaseModel):

app\schemas\credit.py:100
  C:\Users\VISHNU P\Assignments\Task 3- Credit Card Management\app\schemas\credit.py:100: PydanticDeprecatedSince20: Support for class-based `config` is deprecated, use ConfigDict instead. Deprecated in Pydantic V2.0 to be removed in V3.0. See Pydantic V2 Migration Guide at https://errors.pydantic.dev/2.12/migration/
    class CreditDecisionResponse(BaseModel):

app\schemas\admin.py:32
  C:\Users\VISHNU P\Assignments\Task 3- Credit Card Management\app\schemas\admin.py:32: PydanticDeprecatedSince20: Support for class-based `config` is deprecated, use ConfigDict instead. Deprecated in Pydantic V2.0 to be removed in V3.0. See Pydantic V2 Migration Guide at https://errors.pydantic.dev/2.12/migration/
    class AdminResponse(AdminBase):

app\admin\schemas\credit_product.py:83
  C:\Users\VISHNU P\Assignments\Task 3- Credit Card Management\app\admin\schemas\credit_product.py:83: PydanticDeprecatedSince20: Support for class-based `config` is deprecated, use ConfigDict instead. Deprecated in Pydantic V2.0 to be removed in V3.0. See Pydantic V2 Migration Guide at https://errors.pydantic.dev/2.12/migration/
    class CreditProductLimitsResponse(CreditProductLimitsCreate):

app\admin\schemas\credit_product.py:87
  C:\Users\VISHNU P\Assignments\Task 3- Credit Card Management\app\admin\schemas\credit_product.py:87: PydanticDeprecatedSince20: Support for class-based `config` is deprecated, use ConfigDict instead. Deprecated in Pydantic V2.0 to be removed in V3.0. See Pydantic V2 Migration Guide at https://errors.pydantic.dev/2.12/migration/
    class CreditProductInterestFrameworkResponse(CreditProductInterestFrameworkCreate):

app\admin\schemas\credit_product.py:91
  C:\Users\VISHNU P\Assignments\Task 3- Credit Card Management\app\admin\schemas\credit_product.py:91: PydanticDeprecatedSince20: Support for class-based `config` is deprecated, use ConfigDict instead. Deprecated in Pydantic V2.0 to be removed in V3.0. See Pydantic V2 Migration Guide at https://errors.pydantic.dev/2.12/migration/
    class CreditProductFeesResponse(CreditProductFeesCreate):

app\admin\schemas\credit_product.py:97
  C:\Users\VISHNU P\Assignments\Task 3- Credit Card Management\app\admin\schemas\credit_product.py:97: PydanticDeprecatedSince20: Support for class-based `config` is deprecated, use ConfigDict instead. Deprecated in Pydantic V2.0 to be removed in V3.0. See Pydantic V2 Migration Guide at https://errors.pydantic.dev/2.12/migration/
    class CreditProductEligibilityRulesResponse(CreditProductEligibilityRulesCreate):

app\admin\schemas\credit_product.py:101
  C:\Users\VISHNU P\Assignments\Task 3- Credit Card Management\app\admin\schemas\credit_product.py:101: PydanticDeprecatedSince20: Support for class-based `config` is deprecated, use ConfigDict instead. Deprecated in Pydantic V2.0 to be removed in V3.0. See Pydantic V2 Migration Guide at https://errors.pydantic.dev/2.12/migration/
    class CreditProductComplianceMetadataResponse(CreditProductComplianceMetadataCreate):

app\admin\schemas\credit_product.py:105
  C:\Users\VISHNU P\Assignments\Task 3- Credit Card Management\app\admin\schemas\credit_product.py:105: PydanticDeprecatedSince20: Support for class-based `config` is deprecated, use ConfigDict instead. Deprecated in Pydantic V2.0 to be removed in V3.0. See Pydantic V2 Migration Guide at https://errors.pydantic.dev/2.12/migration/
    class CreditProductAccountingMappingResponse(CreditProductAccountingMappingCreate):

app\admin\schemas\credit_product.py:109
  C:\Users\VISHNU P\Assignments\Task 3- Credit Card Management\app\admin\schemas\credit_product.py:109: PydanticDeprecatedSince20: Support for class-based `config` is deprecated, use ConfigDict instead. Deprecated in Pydantic V2.0 to be removed in V3.0. See Pydantic V2 Migration Guide at https://errors.pydantic.dev/2.12/migration/
    class CreditProductGovernanceResponse(BaseModel):

app\admin\schemas\credit_product.py:121
  C:\Users\VISHNU P\Assignments\Task 3- Credit Card Management\app\admin\schemas\credit_product.py:121: PydanticDeprecatedSince20: Support for class-based `config` is deprecated, use ConfigDict instead. Deprecated in Pydantic V2.0 to be removed in V3.0. See Pydantic V2 Migration Guide at https://errors.pydantic.dev/2.12/migration/
    class CreditProductResponse(BaseModel):

app\admin\schemas\credit_product.py:154
  C:\Users\VISHNU P\Assignments\Task 3- Credit Card Management\app\admin\schemas\credit_product.py:154: PydanticDeprecatedSince20: Support for class-based `config` is deprecated, use ConfigDict instead. Deprecated in Pydantic V2.0 to be removed in V3.0. See Pydantic V2 Migration Guide at https://errors.pydantic.dev/2.12/migration/
    class CreditProductStatusUpdateResponse(BaseModel):

app\admin\schemas\credit_product.py:164
  C:\Users\VISHNU P\Assignments\Task 3- Credit Card Management\app\admin\schemas\credit_product.py:164: PydanticDeprecatedSince20: Support for class-based `config` is deprecated, use ConfigDict instead. Deprecated in Pydantic V2.0 to be removed in V3.0. See Pydantic V2 Migration Guide at https://errors.pydantic.dev/2.12/migration/
    class CreditProductSummaryResponse(BaseModel):

app\admin\schemas\card_product.py:107
  C:\Users\VISHNU P\Assignments\Task 3- Credit Card Management\app\admin\schemas\card_product.py:107: PydanticDeprecatedSince20: Support for class-based `config` is deprecated, use ConfigDict instead. Deprecated in Pydantic V2.0 to be removed in V3.0. See Pydantic V2 Migration Guide at https://errors.pydantic.dev/2.12/migration/
    class CardBillingConfigurationResponse(CardBillingConfigurationCreate):

app\admin\schemas\card_product.py:112
  C:\Users\VISHNU P\Assignments\Task 3- Credit Card Management\app\admin\schemas\card_product.py:112: PydanticDeprecatedSince20: Support for class-based `config` is deprecated, use ConfigDict instead. Deprecated in Pydantic V2.0 to be removed in V3.0. See Pydantic V2 Migration Guide at https://errors.pydantic.dev/2.12/migration/
    class CardTransactionControlsResponse(CardTransactionControlsCreate):

app\admin\schemas\card_product.py:117
  C:\Users\VISHNU P\Assignments\Task 3- Credit Card Management\app\admin\schemas\card_product.py:117: PydanticDeprecatedSince20: Support for class-based `config` is deprecated, use ConfigDict instead. Deprecated in Pydantic V2.0 to be removed in V3.0. See Pydantic V2 Migration Guide at https://errors.pydantic.dev/2.12/migration/
    class CardFxConfigurationResponse(CardFxConfigurationCreate):

app\admin\schemas\card_product.py:122
  C:\Users\VISHNU P\Assignments\Task 3- Credit Card Management\app\admin\schemas\card_product.py:122: PydanticDeprecatedSince20: Support for class-based `config` is deprecated, use ConfigDict instead. Deprecated in Pydantic V2.0 to be removed in V3.0. See Pydantic V2 Migration Guide at https://errors.pydantic.dev/2.12/migration/
    class CardUsageLimitsResponse(CardUsageLimitsCreate):

app\admin\schemas\card_product.py:127
  C:\Users\VISHNU P\Assignments\Task 3- Credit Card Management\app\admin\schemas\card_product.py:127: PydanticDeprecatedSince20: Support for class-based `config` is deprecated, use ConfigDict instead. Deprecated in Pydantic V2.0 to be removed in V3.0. See Pydantic V2 Migration Guide at https://errors.pydantic.dev/2.12/migration/
    class CardRewardsConfigurationResponse(CardRewardsConfigurationCreate):

app\admin\schemas\card_product.py:132
  C:\Users\VISHNU P\Assignments\Task 3- Credit Card Management\app\admin\schemas\card_product.py:132: PydanticDeprecatedSince20: Support for class-based `config` is deprecated, use ConfigDict instead. Deprecated in Pydantic V2.0 to be removed in V3.0. See Pydantic V2 Migration Guide at https://errors.pydantic.dev/2.12/migration/
    class CardAuthorizationRulesResponse(CardAuthorizationRulesCreate):

app\admin\schemas\card_product.py:137
  C:\Users\VISHNU P\Assignments\Task 3- Credit Card Management\app\admin\schemas\card_product.py:137: PydanticDeprecatedSince20: Support for class-based `config` is deprecated, use ConfigDict instead. Deprecated in Pydantic V2.0 to be removed in V3.0. See Pydantic V2 Migration Guide at https://errors.pydantic.dev/2.12/migration/
    class CardLifecycleRulesResponse(CardLifecycleRulesCreate):

app\admin\schemas\card_product.py:142
  C:\Users\VISHNU P\Assignments\Task 3- Credit Card Management\app\admin\schemas\card_product.py:142: PydanticDeprecatedSince20: Support for class-based `config` is deprecated, use ConfigDict instead. Deprecated in Pydantic V2.0 to be removed in V3.0. See Pydantic V2 Migration Guide at https://errors.pydantic.dev/2.12/migration/
    class CardFraudRiskProfileResponse(CardFraudRiskProfileCreate):

app\admin\schemas\card_product.py:147
  C:\Users\VISHNU P\Assignments\Task 3- Credit Card Management\app\admin\schemas\card_product.py:147: PydanticDeprecatedSince20: Support for class-based `config` is deprecated, use ConfigDict instead. Deprecated in Pydantic V2.0 to be removed in V3.0. See Pydantic V2 Migration Guide at https://errors.pydantic.dev/2.12/migration/
    class CardProductGovernanceResponse(BaseModel):

app\admin\schemas\card_product.py:161
  C:\Users\VISHNU P\Assignments\Task 3- Credit Card Management\app\admin\schemas\card_product.py:161: PydanticDeprecatedSince20: Support for class-based `config` is deprecated, use ConfigDict instead. Deprecated in Pydantic V2.0 to be removed in V3.0. See Pydantic V2 Migration Guide at https://errors.pydantic.dev/2.12/migration/
    class CardProductResponse(BaseModel):

app\admin\schemas\card_product.py:185
  C:\Users\VISHNU P\Assignments\Task 3- Credit Card Management\app\admin\schemas\card_product.py:185: PydanticDeprecatedSince20: Support for class-based `config` is deprecated, use ConfigDict instead. Deprecated in Pydantic V2.0 to be removed in V3.0. See Pydantic V2 Migration Guide at https://errors.pydantic.dev/2.12/migration/
    class CardProductCreateResponse(BaseModel):

app\admin\schemas\card_product.py:197
  C:\Users\VISHNU P\Assignments\Task 3- Credit Card Management\app\admin\schemas\card_product.py:197: PydanticDeprecatedSince20: Support for class-based `config` is deprecated, use ConfigDict instead. Deprecated in Pydantic V2.0 to be removed in V3.0. See Pydantic V2 Migration Guide at https://errors.pydantic.dev/2.12/migration/
    class CardProductApprovalResponse(BaseModel):

app\admin\schemas\card_product.py:210
  C:\Users\VISHNU P\Assignments\Task 3- Credit Card Management\app\admin\schemas\card_product.py:210: PydanticDeprecatedSince20: Support for class-based `config` is deprecated, use ConfigDict instead. Deprecated in Pydantic V2.0 to be removed in V3.0. See Pydantic V2 Migration Guide at https://errors.pydantic.dev/2.12/migration/
    class CardProductSummaryResponse(BaseModel):

-- Docs: https://docs.pytest.org/en/stable/how-to/capture-warnings.html
=========================== short test summary info ===========================
FAILED tests/api/admin/test_card_product.py::test_get_all_card_products - Typ...
======================= 1 failed, 41 warnings in 2.67s ========================
